<?xml version="1.0" encoding="UTF-8"?>
<!-- Generated by org.testng.reporters.JUnitXMLReporter -->
<testsuite hostname="GITAADHIKARI" ignored="0" name="Free SauceDemo App Test Cases" tests="19" failures="1" timestamp="20 Sep 2019 03:21:02 GMT" time="250.969" errors="0">
  <testcase name="lginPageTitleTest" time="0.023" classname="com.saucedemo.qa.testcases.LoginPageTest"/>
  <testcase name="verifyHomePageTest" time="0.079" classname="com.saucedemo.qa.testcases.HomePageTest"/>
  <testcase name="verifyHeaderLabel" time="0.058" classname="com.saucedemo.qa.testcases.SauceLabsBackpackPageTest"/>
  <testcase name="verifyHeaderTextl" time="0.038" classname="com.saucedemo.qa.testcases.YourCartPageTest"/>
  <testcase name="verifyTitleTextTest" time="0.051" classname="com.saucedemo.qa.testcases.CheckOutPageTest"/>
  <testcase name="verifyTitleTextTest" time="0.047" classname="com.saucedemo.qa.testcases.CheckOutConfirmPageTest"/>
  <testcase name="verifyTitleTextFinishTest" time="0.036" classname="com.saucedemo.qa.testcases.OrderFinishPageTest"/>
  <testcase name="loginTest" time="0.979" classname="com.saucedemo.qa.testcases.LoginPageTest"/>
  <testcase name="veriFyProductsLabelTest" time="0.049" classname="com.saucedemo.qa.testcases.HomePageTest"/>
  <testcase name="clickOnAddtoCartTest" time="0.089" classname="com.saucedemo.qa.testcases.SauceLabsBackpackPageTest"/>
  <testcase name="clickOnCheckoutButtonTest" time="0.144" classname="com.saucedemo.qa.testcases.YourCartPageTest"/>
  <testcase name="checkoutSubmitTest" time="0.717" classname="com.saucedemo.qa.testcases.CheckOutPageTest"/>
  <testcase name="verifyPaymentInfoTest" time="0.04" classname="com.saucedemo.qa.testcases.CheckOutConfirmPageTest"/>
  <testcase name="verifyGreetingsTest" time="0.04" classname="com.saucedemo.qa.testcases.OrderFinishPageTest"/>
  <testcase name="veriFySauceLabsBackpackPage" time="0.616" classname="com.saucedemo.qa.testcases.HomePageTest"/>
  <testcase name="clickOnfinishBtntest" time="0.969" classname="com.saucedemo.qa.testcases.CheckOutConfirmPageTest"/>
  <testcase name="clickOnShoppingCartBadgeTest" time="0.131" classname="com.saucedemo.qa.testcases.SauceLabsBackpackPageTest"/>
  <testcase name="clickOnlogoutBtnTest" time="0.08" classname="com.saucedemo.qa.testcases.OrderFinishPageTest"/>
  <testcase name="fakeclickOnlogoutBtnTest" time="10.518" classname="com.saucedemo.qa.testcases.OrderFinishPageTest">
    <failure type="org.openqa.selenium.NoSuchElementException" message="no such element: Unable to locate element: {&amp;quot;method&amp;quot;:&amp;quot;xpath&amp;quot;,&amp;quot;selector&amp;quot;:&amp;quot;//div[@id=&amp;apos;logoutsidebarlink&amp;apos;]&amp;quot;}
  (Session info: chrome=76.0.3809.132)
For documentation on this error, please visit: https://www.seleniumhq.org/exceptions/no_such_element.html
Build info: version: &amp;apos;3.141.59&amp;apos;, revision: &amp;apos;e82be7d358&amp;apos;, time: &amp;apos;2018-11-14T08:17:03&amp;apos;
System info: host: &amp;apos;GITAADHIKARI&amp;apos;, ip: &amp;apos;192.168.1.4&amp;apos;, os.name: &amp;apos;Windows 10&amp;apos;, os.arch: &amp;apos;amd64&amp;apos;, os.version: &amp;apos;10.0&amp;apos;, java.version: &amp;apos;1.8.0_211&amp;apos;
Driver info: org.openqa.selenium.chrome.ChromeDriver
Capabilities {acceptInsecureCerts: false, browserName: chrome, browserVersion: 76.0.3809.132, chrome: {chromedriverVersion: 75.0.3770.140 (2d9f97485c7b..., userDataDir: C:\Users\GITA\AppData\Local...}, goog:chromeOptions: {debuggerAddress: localhost:53623}, javascriptEnabled: true, networkConnectionEnabled: false, pageLoadStrategy: normal, platform: XP, platformName: XP, proxy: Proxy(), setWindowRect: true, strictFileInteractability: false, timeouts: {implicit: 0, pageLoad: 300000, script: 30000}, unhandledPromptBehavior: dismiss and notify}
Session ID: 7045e5b0737957579861a313e37555b1
*** Element info: {Using=xpath, value=//div[@id=&amp;apos;logoutsidebarlink&amp;apos;]}">
      <![CDATA[org.openqa.selenium.NoSuchElementException: no such element: Unable to locate element: {"method":"xpath","selector":"//div[@id='logoutsidebarlink']"}
  (Session info: chrome=76.0.3809.132)
For documentation on this error, please visit: https://www.seleniumhq.org/exceptions/no_such_element.html
Build info: version: '3.141.59', revision: 'e82be7d358', time: '2018-11-14T08:17:03'
System info: host: 'GITAADHIKARI', ip: '192.168.1.4', os.name: 'Windows 10', os.arch: 'amd64', os.version: '10.0', java.version: '1.8.0_211'
Driver info: org.openqa.selenium.chrome.ChromeDriver
Capabilities {acceptInsecureCerts: false, browserName: chrome, browserVersion: 76.0.3809.132, chrome: {chromedriverVersion: 75.0.3770.140 (2d9f97485c7b..., userDataDir: C:\Users\GITA\AppData\Local...}, goog:chromeOptions: {debuggerAddress: localhost:53623}, javascriptEnabled: true, networkConnectionEnabled: false, pageLoadStrategy: normal, platform: XP, platformName: XP, proxy: Proxy(), setWindowRect: true, strictFileInteractability: false, timeouts: {implicit: 0, pageLoad: 300000, script: 30000}, unhandledPromptBehavior: dismiss and notify}
Session ID: 7045e5b0737957579861a313e37555b1
*** Element info: {Using=xpath, value=//div[@id='logoutsidebarlink']}
	at org.openqa.selenium.remote.http.W3CHttpResponseCodec.createException(W3CHttpResponseCodec.java:187)
	at org.openqa.selenium.remote.http.W3CHttpResponseCodec.decode(W3CHttpResponseCodec.java:122)
	at org.openqa.selenium.remote.http.W3CHttpResponseCodec.decode(W3CHttpResponseCodec.java:49)
	at org.openqa.selenium.remote.HttpCommandExecutor.execute(HttpCommandExecutor.java:158)
	at org.openqa.selenium.remote.service.DriverCommandExecutor.execute(DriverCommandExecutor.java:83)
	at org.openqa.selenium.remote.RemoteWebDriver.execute(RemoteWebDriver.java:552)
	at org.openqa.selenium.remote.RemoteWebDriver.findElement(RemoteWebDriver.java:323)
	at org.openqa.selenium.remote.RemoteWebDriver.findElementByXPath(RemoteWebDriver.java:428)
	at org.openqa.selenium.By$ByXPath.findElement(By.java:353)
	at org.openqa.selenium.remote.RemoteWebDriver.findElement(RemoteWebDriver.java:315)
	at org.openqa.selenium.support.events.EventFiringWebDriver.lambda$new$1(EventFiringWebDriver.java:105)
	at com.sun.proxy.$Proxy7.findElement(Unknown Source)
	at org.openqa.selenium.support.events.EventFiringWebDriver.findElement(EventFiringWebDriver.java:194)
	at org.openqa.selenium.support.pagefactory.DefaultElementLocator.findElement(DefaultElementLocator.java:69)
	at org.openqa.selenium.support.pagefactory.internal.LocatingElementHandler.invoke(LocatingElementHandler.java:38)
	at com.sun.proxy.$Proxy11.click(Unknown Source)
	at com.saucedemo.qa.pages.OrderFinishPage.deliberatelyfaildForScreenshot(OrderFinishPage.java:38)
	at com.saucedemo.qa.testcases.OrderFinishPageTest.fakeclickOnlogoutBtnTest(OrderFinishPageTest.java:71)
... Removed 32 stack frames]]>
    </failure>
  </testcase> <!-- fakeclickOnlogoutBtnTest -->
</testsuite> <!-- Free SauceDemo App Test Cases -->
